<?xml version="1.0" encoding="UTF-8"?>
<!-- Generated by org.testng.reporters.JUnitXMLReporter -->
<testsuite hostname="faheem-PC" ignored="1" name="Default test" tests="1" failures="0" timestamp="12 Apr 2019 03:53:48 GMT" time="21.063" errors="0">
  <testcase name="doRegistration" time="1.09" classname="Automation.UITestCaseClasses.RegistrationTests"/>
  <testcase name="verifyRegistrationForm" time="0.0" classname="Automation.UITestCaseClasses.RegistrationTests">
    <ignored/>
  </testcase> <!-- verifyRegistrationForm -->
</testsuite> <!-- Default test -->
